hackrf_transfer: no process found
Receive wav file: HackRF_20161103_111655Z_2888000kHz_IQ.wav
call hackrf_sample_rate_set(5000000 Hz/5.000 MHz)
call hackrf_baseband_filter_bandwidth_set(3500000 Hz/3.500 MHz)
call hackrf_set_freq(2888000000 Hz/2888.000 MHz)
samples_to_xfer 1000000000/1000Mio
Stop with Ctrl-C
307.8 MiB / 1.000 sec = 307.6 MiB/second
10.0 MiB / 1.001 sec = 10.0 MiB/second
 9.2 MiB / 1.001 sec =  9.2 MiB/second
 9.7 MiB / 1.001 sec =  9.7 MiB/second
 9.7 MiB / 1.001 sec =  9.7 MiB/second
 9.7 MiB / 1.001 sec =  9.7 MiB/second
 7.1 MiB / 1.002 sec =  7.1 MiB/second
 9.4 MiB / 1.001 sec =  9.4 MiB/second
10.2 MiB / 1.001 sec = 10.2 MiB/second
10.2 MiB / 1.001 sec = 10.2 MiB/second
10.0 MiB / 1.001 sec = 10.0 MiB/second
 9.2 MiB / 1.001 sec =  9.2 MiB/second
 9.7 MiB / 1.002 sec =  9.7 MiB/second
 9.4 MiB / 1.001 sec =  9.4 MiB/second
 8.7 MiB / 1.009 sec =  8.6 MiB/second
 9.7 MiB / 1.003 sec =  9.7 MiB/second
 6.3 MiB / 1.001 sec =  6.3 MiB/second
 9.4 MiB / 1.001 sec =  9.4 MiB/second
 9.7 MiB / 1.006 sec =  9.6 MiB/second
 9.4 MiB / 1.001 sec =  9.4 MiB/second
 9.2 MiB / 1.000 sec =  9.2 MiB/second
 8.1 MiB / 1.000 sec =  8.1 MiB/second
 8.4 MiB / 1.002 sec =  8.4 MiB/second
 8.7 MiB / 1.006 sec =  8.6 MiB/second
 7.9 MiB / 1.003 sec =  7.8 MiB/second
 7.9 MiB / 49533360.000 sec =  0.0 MiB/second
 8.7 MiB / 1.001 sec =  8.6 MiB/second
 8.7 MiB / 1.002 sec =  8.6 MiB/second
 8.4 MiB / 1.000 sec =  8.4 MiB/second
 8.7 MiB / 1.002 sec =  8.6 MiB/second
 8.4 MiB / 1.002 sec =  8.4 MiB/second
 6.3 MiB / 1.000 sec =  6.3 MiB/second
 8.7 MiB / 1.025 sec =  8.4 MiB/second
 7.6 MiB / 1.001 sec =  7.6 MiB/second
13.1 MiB / 1.629 sec =  8.0 MiB/second
 7.9 MiB / 1.001 sec =  7.9 MiB/second
 8.1 MiB / 1.001 sec =  8.1 MiB/second
 8.9 MiB / 1.007 sec =  8.9 MiB/second
 9.7 MiB / 1.007 sec =  9.6 MiB/second
 9.7 MiB / 1.002 sec =  9.7 MiB/second
 9.4 MiB / 1.001 sec =  9.4 MiB/second
 8.1 MiB / 1.001 sec =  8.1 MiB/second
 9.2 MiB / 1.002 sec =  9.2 MiB/second
 9.2 MiB / 1.001 sec =  9.2 MiB/second
 9.4 MiB / 1.002 sec =  9.4 MiB/second
 9.2 MiB / 1.004 sec =  9.1 MiB/second
 9.4 MiB / 1.000 sec =  9.4 MiB/second
10.0 MiB / 1.001 sec = 10.0 MiB/second
10.0 MiB / 1.001 sec =  9.9 MiB/second
 9.7 MiB / 1.001 sec =  9.7 MiB/second
 9.2 MiB / 1.006 sec =  9.1 MiB/second
 7.9 MiB / 1.002 sec =  7.8 MiB/second
 9.2 MiB / 1.001 sec =  9.2 MiB/second
 9.2 MiB / 1.001 sec =  9.2 MiB/second
 9.4 MiB / 1.001 sec =  9.4 MiB/second
 9.4 MiB / 1.001 sec =  9.4 MiB/second
10.0 MiB / 1.001 sec = 10.0 MiB/second
10.2 MiB / 1.001 sec = 10.2 MiB/second
 9.2 MiB / 1.001 sec =  9.2 MiB/second
 9.7 MiB / 1.002 sec =  9.7 MiB/second
 9.4 MiB / 1.001 sec =  9.4 MiB/second
 5.2 MiB / 1.002 sec =  5.2 MiB/second
 9.7 MiB / 1.445 sec =  6.7 MiB/second
 9.7 MiB / 1.000 sec =  9.7 MiB/second
10.5 MiB / 1.001 sec = 10.5 MiB/second
10.0 MiB / 1.001 sec = 10.0 MiB/second
 9.2 MiB / 1.001 sec =  9.2 MiB/second
 8.7 MiB / 1.001 sec =  8.6 MiB/second
 9.7 MiB / 1.001 sec =  9.7 MiB/second
 8.9 MiB / 1.001 sec =  8.9 MiB/second
 9.2 MiB / 1.001 sec =  9.2 MiB/second
 6.0 MiB / 1.002 sec =  6.0 MiB/second
 8.9 MiB / 1.001 sec =  8.9 MiB/second
10.2 MiB / 1.003 sec = 10.2 MiB/second
10.0 MiB / 1.001 sec = 10.0 MiB/second
10.0 MiB / 1.001 sec = 10.0 MiB/second
 9.2 MiB / 1.001 sec =  9.2 MiB/second
 9.2 MiB / 1.001 sec =  9.2 MiB/second
 9.2 MiB / 1.000 sec =  9.2 MiB/second
 9.4 MiB / 1.001 sec =  9.4 MiB/second
 9.2 MiB / 1.001 sec =  9.2 MiB/second
 8.4 MiB / 1.001 sec =  8.4 MiB/second
10.0 MiB / 1.001 sec = 10.0 MiB/second
10.0 MiB / 1.001 sec =  9.9 MiB/second
10.5 MiB / 1.001 sec = 10.5 MiB/second
 8.9 MiB / 1.001 sec =  8.9 MiB/second
 7.6 MiB / 1.002 sec =  7.6 MiB/second
 9.4 MiB / 1.042 sec =  9.1 MiB/second
 9.4 MiB / 1.005 sec =  9.4 MiB/second
 9.7 MiB / 1.001 sec =  9.7 MiB/second
 9.4 MiB / 1.001 sec =  9.4 MiB/second
10.2 MiB / 1.001 sec = 10.2 MiB/second
 9.2 MiB / 1.001 sec =  9.2 MiB/second
10.2 MiB / 1.001 sec = 10.2 MiB/second
 7.9 MiB / 1.002 sec =  7.8 MiB/second
 9.4 MiB / 1.000 sec =  9.4 MiB/second
 9.2 MiB / 1.000 sec =  9.2 MiB/second
 9.4 MiB / 1.965 sec =  4.8 MiB/second
 9.2 MiB / 1.002 sec =  9.2 MiB/second
10.0 MiB / 1.001 sec =  9.9 MiB/second
10.0 MiB / 1.008 sec =  9.9 MiB/second
10.2 MiB / 1.004 sec = 10.2 MiB/second
 9.4 MiB / 1.001 sec =  9.4 MiB/second
 9.2 MiB / 1.001 sec =  9.2 MiB/second
 9.4 MiB / 1.007 sec =  9.4 MiB/second
 9.2 MiB / 1.005 sec =  9.1 MiB/second
 3.7 MiB / 1.262 sec =  2.9 MiB/second
 9.4 MiB / 1.001 sec =  9.4 MiB/second
10.0 MiB / 1.002 sec =  9.9 MiB/second
10.0 MiB / 1.001 sec = 10.0 MiB/second
10.0 MiB / 1.001 sec = 10.0 MiB/second
 9.4 MiB / 1.001 sec =  9.4 MiB/second
 9.2 MiB / 1.002 sec =  9.2 MiB/second
 9.2 MiB / 1.001 sec =  9.2 MiB/second
 9.2 MiB / 1.001 sec =  9.2 MiB/second
 9.4 MiB / 1.001 sec =  9.4 MiB/second
 7.3 MiB / 1.001 sec =  7.3 MiB/second
 9.4 MiB / 1.003 sec =  9.4 MiB/second
10.0 MiB / 1.001 sec = 10.0 MiB/second
10.0 MiB / 1.001 sec = 10.0 MiB/second
 9.7 MiB / 1.001 sec =  9.7 MiB/second
 5.5 MiB / 1.001 sec =  5.5 MiB/second
 9.2 MiB / 1.120 sec =  8.2 MiB/second
 9.4 MiB / 1.001 sec =  9.4 MiB/second
 9.4 MiB / 1.001 sec =  9.4 MiB/second
 9.7 MiB / 1.001 sec =  9.7 MiB/second
10.0 MiB / 1.000 sec = 10.0 MiB/second
 9.7 MiB / 1.004 sec =  9.7 MiB/second
10.5 MiB / 1.001 sec = 10.5 MiB/second
 8.9 MiB / 1.008 sec =  8.8 MiB/second
 8.4 MiB / 1.001 sec =  8.4 MiB/second
 9.4 MiB / 1.007 sec =  9.4 MiB/second
 9.2 MiB / 1.246 sec =  7.4 MiB/second
 9.2 MiB / 1.001 sec =  9.2 MiB/second
 9.4 MiB / 1.001 sec =  9.4 MiB/second
 9.7 MiB / 1.001 sec =  9.7 MiB/second
10.2 MiB / 1.001 sec = 10.2 MiB/second
10.0 MiB / 1.001 sec = 10.0 MiB/second
 8.9 MiB / 1.001 sec =  8.9 MiB/second
 9.2 MiB / 1.005 sec =  9.1 MiB/second
 9.4 MiB / 1.004 sec =  9.4 MiB/second
10.5 MiB / 1.276 sec =  8.2 MiB/second
 9.2 MiB / 1.002 sec =  9.2 MiB/second
 9.4 MiB / 1.001 sec =  9.4 MiB/second
10.0 MiB / 1.001 sec = 10.0 MiB/second
10.0 MiB / 1.004 sec =  9.9 MiB/second
 9.4 MiB / 1.001 sec =  9.4 MiB/second
 9.2 MiB / 1.001 sec =  9.2 MiB/second
 9.2 MiB / 1.001 sec =  9.2 MiB/second
 9.2 MiB / 1.001 sec =  9.2 MiB/second
 9.2 MiB / 1.007 sec =  9.1 MiB/second
 7.9 MiB / 1.000 sec =  7.9 MiB/second
 9.4 MiB / 1.160 sec =  8.1 MiB/second
10.0 MiB / 1.002 sec =  9.9 MiB/second
 9.7 MiB / 1.001 sec =  9.7 MiB/second
10.0 MiB / 1.001 sec = 10.0 MiB/second
 8.7 MiB / 1.001 sec =  8.6 MiB/second
 9.2 MiB / 1.107 sec =  8.3 MiB/second
 9.2 MiB / 1.001 sec =  9.2 MiB/second
 8.7 MiB / 1.001 sec =  8.6 MiB/second
 8.7 MiB / 1.002 sec =  8.6 MiB/second
 8.9 MiB / 1.001 sec =  8.9 MiB/second
10.2 MiB / 1.010 sec = 10.1 MiB/second
10.2 MiB / 1.001 sec = 10.2 MiB/second
 9.7 MiB / 1.001 sec =  9.7 MiB/second
 8.9 MiB / 1.002 sec =  8.9 MiB/second
 8.9 MiB / 1.000 sec =  8.9 MiB/second
 9.2 MiB / 1.120 sec =  8.2 MiB/second
 9.2 MiB / 1.000 sec =  9.2 MiB/second
 9.2 MiB / 1.002 sec =  9.2 MiB/second
10.0 MiB / 1.001 sec = 10.0 MiB/second
 9.7 MiB / 1.001 sec =  9.7 MiB/second
10.0 MiB / 1.009 sec =  9.9 MiB/second
 9.4 MiB / 1.001 sec =  9.4 MiB/second
 9.2 MiB / 1.001 sec =  9.2 MiB/second
 9.4 MiB / 1.001 sec =  9.4 MiB/second
 8.9 MiB / 1.001 sec =  8.9 MiB/second
 9.2 MiB / 1.785 sec =  5.1 MiB/second
10.2 MiB / 1.001 sec = 10.2 MiB/second
10.0 MiB / 1.001 sec = 10.0 MiB/second
10.0 MiB / 1.001 sec = 10.0 MiB/second
 9.7 MiB / 1.001 sec =  9.7 MiB/second
 8.7 MiB / 1.001 sec =  8.6 MiB/second
 9.4 MiB / 1.002 sec =  9.4 MiB/second
 4.5 MiB / 1.000 sec =  4.5 MiB/second

Exiting... hackrf_is_streaming() result: HACKRF_ERROR_STREAMING_EXIT_CALLED (-1004)
Total time: 49533548.00000 s
hackrf_close() done
hackrf_exit() done
fclose(fd) done
exit
Started downlink
Running Mission Code. Data directory mission_files/datalog0

BB Start Time: Nov_11_11:16:55

Filename: file0.wav

Starting hackrf_transfer

Killing Current HackRF Process: May_05_18:36:46

